<?xml version="1.0" encoding="UTF-8"?>
<persistence version="2.1"
	xmlns="http://java.sun.com/xml/ns/persistence"
	xmlns:xsi="http://www.w3.org/2001/XMLSchema-instance"
	xsi:schemaLocation="http://java.sun.com/xml/ns/persistence http://java.sun.com/xml/ns/persistence/persistence_2_1.xsd">

	<persistence-unit
		name="OpenELIS-Global-persistence-unit">
		<provider>org.hibernate.jpa.HibernatePersistenceProvider</provider>

		<!-- converters -->
		<class>org.itech.fhir.dataexport.core.model.converter.DataExportStatusConverter</class>
		<class>org.itech.fhir.dataexport.core.model.converter.FhirResourceTypeConverter</class>
		<class>org.openelisglobal.hibernate.converter.URIConverter</class>
		<class>org.openelisglobal.security.converter.EncryptionConverter</class>

		<!-- entities -->
		<class>org.openelisglobal.login.valueholder.LoginUser</class>
		<class>org.openelisglobal.gender.valueholder.Gender</class>
		<class>org.openelisglobal.externalconnections.valueholder.ExternalConnection</class>
		<class>org.openelisglobal.externalconnections.valueholder.ExternalConnectionContact</class>
		<class>org.openelisglobal.externalconnections.valueholder.CertificateAuthenticationData</class>
		<class>org.openelisglobal.externalconnections.valueholder.BasicAuthenticationData</class>
		
		<class>org.itech.fhir.dataexport.core.model.DataExportAttempt</class>
		<class>org.itech.fhir.dataexport.core.model.DataExportTask</class>
		
		<class>org.ozeki.sms.valueholder.OzekiMessageOut</class>

		<properties>
			<property name="hibernate.ejb.cfgfile"
				value="hibernate/test-hibernate.cfg.xml" />
		</properties>

	</persistence-unit>
</persistence>